0 info it worked if it ends with ok
1 verbose cli [ 'D:\\Program Files\\nodejs\\node.exe',
1 verbose cli   'D:\\Program Files\\nodejs\\node_modules\\npm\\bin\\npm-cli.js',
1 verbose cli   'install',
1 verbose cli   'fis3-spriter-cssprites' ]
2 info using npm@2.14.7
3 info using node@v4.2.3
4 verbose install initial load of C:\Users\Administrator\Desktop\百度\baidu\package.json
5 verbose installManyTop reading scoped package data from C:\Users\Administrator\Desktop\百度\baidu\node_modules\fis-spriter-csssprites\package.json
6 verbose readDependencies loading dependencies from C:\Users\Administrator\Desktop\百度\baidu\package.json
7 silly cache add args [ 'fis3-spriter-cssprites', null ]
8 verbose cache add spec fis3-spriter-cssprites
9 silly cache add parsed spec Result {
9 silly cache add   raw: 'fis3-spriter-cssprites',
9 silly cache add   scope: null,
9 silly cache add   name: 'fis3-spriter-cssprites',
9 silly cache add   rawSpec: '',
9 silly cache add   spec: '*',
9 silly cache add   type: 'range' }
10 silly addNamed fis3-spriter-cssprites@*
11 verbose addNamed "*" is a valid semver range for fis3-spriter-cssprites
12 silly addNameRange { name: 'fis3-spriter-cssprites', range: '*', hasData: false }
13 silly mapToRegistry name fis3-spriter-cssprites
14 silly mapToRegistry using default registry
15 silly mapToRegistry registry https://registry.npmjs.org/
16 silly mapToRegistry uri https://registry.npmjs.org/fis3-spriter-cssprites
17 verbose addNameRange registry:https://registry.npmjs.org/fis3-spriter-cssprites not in flight; fetching
18 verbose request uri https://registry.npmjs.org/fis3-spriter-cssprites
19 verbose request no auth needed
20 info attempt registry request try #1 at 19:13:32
21 verbose request id abe5e6029edde766
22 http request GET https://registry.npmjs.org/fis3-spriter-cssprites
23 http 404 https://registry.npmjs.org/fis3-spriter-cssprites
24 verbose headers { 'content-type': 'application/json',
24 verbose headers   'cache-control': 'max-age=0',
24 verbose headers   'content-length': '2',
24 verbose headers   'accept-ranges': 'bytes',
24 verbose headers   date: 'Wed, 23 Dec 2015 11:13:35 GMT',
24 verbose headers   via: '1.1 varnish',
24 verbose headers   age: '0',
24 verbose headers   connection: 'keep-alive',
24 verbose headers   'x-served-by': 'cache-nrt6134-NRT',
24 verbose headers   'x-cache': 'MISS',
24 verbose headers   'x-cache-hits': '0',
24 verbose headers   'x-timer': 'S1450869214.569762,VS0,VE838' }
25 silly get cb [ 404,
25 silly get   { 'content-type': 'application/json',
25 silly get     'cache-control': 'max-age=0',
25 silly get     'content-length': '2',
25 silly get     'accept-ranges': 'bytes',
25 silly get     date: 'Wed, 23 Dec 2015 11:13:35 GMT',
25 silly get     via: '1.1 varnish',
25 silly get     age: '0',
25 silly get     connection: 'keep-alive',
25 silly get     'x-served-by': 'cache-nrt6134-NRT',
25 silly get     'x-cache': 'MISS',
25 silly get     'x-cache-hits': '0',
25 silly get     'x-timer': 'S1450869214.569762,VS0,VE838' } ]
26 verbose stack Error: Registry returned 404 for GET on https://registry.npmjs.org/fis3-spriter-cssprites
26 verbose stack     at makeError (D:\Program Files\nodejs\node_modules\npm\node_modules\npm-registry-client\lib\request.js:264:12)
26 verbose stack     at CachingRegistryClient.<anonymous> (D:\Program Files\nodejs\node_modules\npm\node_modules\npm-registry-client\lib\request.js:242:14)
26 verbose stack     at Request._callback (D:\Program Files\nodejs\node_modules\npm\node_modules\npm-registry-client\lib\request.js:172:14)
26 verbose stack     at Request.self.callback (D:\Program Files\nodejs\node_modules\npm\node_modules\request\request.js:198:22)
26 verbose stack     at emitTwo (events.js:87:13)
26 verbose stack     at Request.emit (events.js:172:7)
26 verbose stack     at Request.<anonymous> (D:\Program Files\nodejs\node_modules\npm\node_modules\request\request.js:1063:14)
26 verbose stack     at emitOne (events.js:82:20)
26 verbose stack     at Request.emit (events.js:169:7)
26 verbose stack     at IncomingMessage.<anonymous> (D:\Program Files\nodejs\node_modules\npm\node_modules\request\request.js:1009:12)
27 verbose statusCode 404
28 verbose pkgid fis3-spriter-cssprites
29 verbose cwd C:\Users\Administrator\Desktop\百度\baidu
30 error Windows_NT 6.1.7601
31 error argv "D:\\Program Files\\nodejs\\node.exe" "D:\\Program Files\\nodejs\\node_modules\\npm\\bin\\npm-cli.js" "install" "fis3-spriter-cssprites"
32 error node v4.2.3
33 error npm  v2.14.7
34 error code E404
35 error 404 Registry returned 404 for GET on https://registry.npmjs.org/fis3-spriter-cssprites
35 error 404
35 error 404 'fis3-spriter-cssprites' is not in the npm registry.
35 error 404 You should bug the author to publish it (or use the name yourself!)
35 error 404
35 error 404 Note that you can also install from a
35 error 404 tarball, folder, http url, or git url.
36 verbose exit [ 1, true ]
